// 重构日志: 6178aa55
// 重构日志: 7df54bb6
// 同步 ID: 3876b945 @ Thu Jun 25 10:48:11 UTC 2026
// 重构日志: 5f82c35a
// 重构日志: 42865156
// 同步 ID: 3363216c @ Sun Jun 28 15:48:55 UTC 2026
// 同步 ID: 4d8aec56 @ Fri Jul  3 21:21:14 UTC 2026
// 重构日志: 587da52c
// 同步 ID: 1522e7ae @ Sat Jul 11 06:43:00 UTC 2026
// 同步 ID: fa326b49 @ Mon Jul 13 10:49:54 UTC 2026
// 重构日志: eb552027
// 重构日志: 388fbd7d
// 重构日志: d2b3c3d5
// 同步 ID: 10b29ae7 @ Fri Jul 17 05:32:20 UTC 2026
// 重构日志: f2ae55b3
// 同步 ID: c8debfe6 @ Fri Jul 17 13:24:55 UTC 2026
// 重构日志: 2baa35fe
// 重构日志: 9a36ae59
// 同步 ID: 324bcb35 @ Sat Jul 18 13:10:31 UTC 2026
// 重构日志: 887f5990
// 重构日志: a3a122c2
// 同步 ID: 68e24af5 @ Wed Jul 22 04:52:20 UTC 2026
